<?xml version="1.0" encoding="UTF-8"?>
<!-- Generated by org.testng.reporters.JUnitReportReporter -->
<testsuite skipped="0" hostname="LAPTOP-SV9TVNET" name="ExtentReportWithScreenShot.Screenshot.ExtentReportDemo" tests="2" failures="0" timestamp="2021-07-25T20:23:11 IST" time="11.917" errors="0">
  <testcase name="mytest" time="8.158" classname="ExtentReportWithScreenShot.Screenshot.ExtentReportDemo"/>
  <system-out/>
  <testcase name="mytest1" time="3.759" classname="ExtentReportWithScreenShot.Screenshot.ExtentReportDemo"/>
  <system-out/>
</testsuite> <!-- ExtentReportWithScreenShot.Screenshot.ExtentReportDemo -->
