<?xml version="1.0" encoding="UTF-8"?>
<!-- Generated by org.testng.reporters.JUnitReportReporter -->
<testsuite skipped="0" hostname="LAPTOP-SV9TVNET" name="ExtentReportWithScreenShot.Screenshot.ExtentReportDemo" tests="2" failures="0" timestamp="2021-07-25T16:14:12 IST" time="14.915" errors="0">
  <testcase name="mytest1" time="3.724" classname="ExtentReportWithScreenShot.Screenshot.ExtentReportDemo"/>
  <system-out/>
  <testcase name="mytest" time="11.191" classname="ExtentReportWithScreenShot.Screenshot.ExtentReportDemo"/>
  <system-out/>
</testsuite> <!-- ExtentReportWithScreenShot.Screenshot.ExtentReportDemo -->
