<?xml version="1.0" encoding="UTF-8"?>
<!-- Generated by org.testng.reporters.JUnitReportReporter -->
<testsuite skipped="0" hostname="LAPTOP-SV9TVNET" name="ExtentReportWithScreenShot.Screenshot.ExtentReportDemo" tests="2" failures="0" timestamp="2021-07-25T14:15:15 IST" time="71.919" errors="0">
  <testcase name="mytest" time="38.312" classname="ExtentReportWithScreenShot.Screenshot.ExtentReportDemo"/>
  <system-out/>
  <testcase name="mytest1" time="33.607" classname="ExtentReportWithScreenShot.Screenshot.ExtentReportDemo"/>
  <system-out/>
</testsuite> <!-- ExtentReportWithScreenShot.Screenshot.ExtentReportDemo -->
